<?xml version="1.0" encoding="UTF-8"?>
<testsuite name="com.epam.esm.DAO.impl.TagDAOImplTest" tests="8" skipped="0" failures="0" errors="0" timestamp="2022-04-13T00:32:51" hostname="LAPTOP-VTT28OEO" time="0.169">
  <properties/>
  <testcase name="testGetTagById()" classname="com.epam.esm.DAO.impl.TagDAOImplTest" time="0.131"/>
  <testcase name="testGetTagList()" classname="com.epam.esm.DAO.impl.TagDAOImplTest" time="0.005"/>
  <testcase name="testDeleteTag()" classname="com.epam.esm.DAO.impl.TagDAOImplTest" time="0.003"/>
  <testcase name="testGetTagIdsListByGiftCertificate()" classname="com.epam.esm.DAO.impl.TagDAOImplTest" time="0.004"/>
  <testcase name="testAddNewTagFromGiftCertificate()" classname="com.epam.esm.DAO.impl.TagDAOImplTest" time="0.009"/>
  <testcase name="testCreateTag()" classname="com.epam.esm.DAO.impl.TagDAOImplTest" time="0.003"/>
  <testcase name="testGetTagIdByTagName()" classname="com.epam.esm.DAO.impl.TagDAOImplTest" time="0.003"/>
  <testcase name="testGetTagSetByGiftCertificateId()" classname="com.epam.esm.DAO.impl.TagDAOImplTest" time="0.005"/>
  <system-out><![CDATA[]]></system-out>
  <system-err><![CDATA[SLF4J: Failed to load class "org.slf4j.impl.StaticLoggerBinder".
SLF4J: Defaulting to no-operation (NOP) logger implementation
SLF4J: See http://www.slf4j.org/codes.html#StaticLoggerBinder for further details.
]]></system-err>
</testsuite>
